app/build/intermediates/manifest_merge_blame_file/debug/manifest-merger-blame-debug-report.txt
1<?xml version="1.0" encoding="utf-8"?>
2<manifest xmlns:android="http://schemas.android.com/apk/res/android"
3    package="com.bluedot.bluedot_vale"
4    android:versionCode="1"
5    android:versionName="1.0" >
6
7    <uses-sdk
8        android:minSdkVersion="22"
8-->src\main\AndroidManifest.xml
9        android:targetSdkVersion="28" />
9-->src\main\AndroidManifest.xml
10
11    <uses-permission android:name="android.permission.INTERNET" />
11-->src\main\AndroidManifest.xml:5:5-67
11-->src\main\AndroidManifest.xml:5:22-64
12    <uses-permission android:name="android.permission.READ_EXTERNAL_STORAGE" />
12-->src\main\AndroidManifest.xml:6:5-79
12-->src\main\AndroidManifest.xml:6:22-77
13
14    <application
14-->src\main\AndroidManifest.xml:8:5-41:19
15        android:allowBackup="true"
15-->src\main\AndroidManifest.xml:9:9-35
16        android:appComponentFactory="android.support.v4.app.CoreComponentFactory"
16-->[com.android.support:support-compat:28.0.0] AndroidManifest.xml:22:18-91
17        android:debuggable="true"
18        android:icon="@mipmap/ic_launcher"
18-->src\main\AndroidManifest.xml:10:9-43
19        android:label="@string/app_name"
19-->src\main\AndroidManifest.xml:11:9-41
20        android:roundIcon="@mipmap/ic_launcher_round"
20-->src\main\AndroidManifest.xml:12:9-54
21        android:supportsRtl="true"
21-->src\main\AndroidManifest.xml:13:9-35
22        android:testOnly="true"
23        android:theme="@style/Theme.AppCompat.Light.NoActionBar" >
23-->src\main\AndroidManifest.xml:14:9-65
24        <activity
24-->src\main\AndroidManifest.xml:15:9-17:74
25            android:name="com.bluedot.bluedot_vale.ui.login.DEBUGlogin"
25-->src\main\AndroidManifest.xml:16:13-48
26            android:label="@string/title_activity_debuglogin" />
26-->src\main\AndroidManifest.xml:17:13-62
27        <activity android:name="com.bluedot.bluedot_vale.Menu_tutor" />
27-->src\main\AndroidManifest.xml:18:9-48
27-->src\main\AndroidManifest.xml:18:19-45
28        <activity android:name="com.bluedot.bluedot_vale.Autorizacion" />
28-->src\main\AndroidManifest.xml:19:9-50
28-->src\main\AndroidManifest.xml:19:19-47
29        <activity android:name="com.bluedot.bluedot_vale.ListaAutorizaciones" />
29-->src\main\AndroidManifest.xml:20:9-57
29-->src\main\AndroidManifest.xml:20:19-54
30        <activity android:name="com.bluedot.bluedot_vale.AgregarPeticion" />
30-->src\main\AndroidManifest.xml:21:9-53
30-->src\main\AndroidManifest.xml:21:19-50
31        <activity
31-->src\main\AndroidManifest.xml:22:9-25:50
32            android:name="com.bluedot.bluedot_vale.Peticiones"
32-->src\main\AndroidManifest.xml:23:13-39
33            android:label="@string/title_activity_peticiones"
33-->src\main\AndroidManifest.xml:24:13-62
34            android:theme="@style/NoActionBar" />
34-->src\main\AndroidManifest.xml:25:13-47
35        <activity android:name="com.bluedot.bluedot_vale.VistaActividad" />
35-->src\main\AndroidManifest.xml:26:9-52
35-->src\main\AndroidManifest.xml:26:19-49
36        <activity android:name="com.bluedot.bluedot_vale.Login" />
36-->src\main\AndroidManifest.xml:27:9-43
36-->src\main\AndroidManifest.xml:27:19-40
37        <activity android:name="com.bluedot.bluedot_vale.Pantalla_error_conexion" />
37-->src\main\AndroidManifest.xml:28:9-61
37-->src\main\AndroidManifest.xml:28:19-58
38        <activity android:name="com.bluedot.bluedot_vale.Lista_actividades" />
38-->src\main\AndroidManifest.xml:29:9-55
38-->src\main\AndroidManifest.xml:29:19-52
39        <activity android:name="com.bluedot.bluedot_vale.Mis_actividades" />
39-->src\main\AndroidManifest.xml:30:9-53
39-->src\main\AndroidManifest.xml:30:19-50
40        <activity android:name="com.bluedot.bluedot_vale.Principal" />
40-->src\main\AndroidManifest.xml:31:9-47
40-->src\main\AndroidManifest.xml:31:19-44
41        <activity android:name="com.bluedot.bluedot_vale.splashscreen" >
41-->src\main\AndroidManifest.xml:32:9-38:20
41-->src\main\AndroidManifest.xml:32:19-47
42            <intent-filter>
42-->src\main\AndroidManifest.xml:33:13-37:29
43                <action android:name="android.intent.action.MAIN" />
43-->src\main\AndroidManifest.xml:34:17-69
43-->src\main\AndroidManifest.xml:34:25-66
44
45                <category android:name="android.intent.category.LAUNCHER" />
45-->src\main\AndroidManifest.xml:36:17-77
45-->src\main\AndroidManifest.xml:36:27-74
46            </intent-filter>
47        </activity>
48        <activity android:name="com.bluedot.bluedot_vale.AgregarActividad" />
48-->src\main\AndroidManifest.xml:39:9-54
48-->src\main\AndroidManifest.xml:39:19-51
49        <activity android:name="com.bluedot.bluedot_vale.PerfilUsuario" />
49-->src\main\AndroidManifest.xml:40:9-51
49-->src\main\AndroidManifest.xml:40:19-48
50
51        <provider
51-->[com.squareup.picasso:picasso:2.71828] AndroidManifest.xml:8:9-11:40
52            android:name="com.squareup.picasso.PicassoProvider"
52-->[com.squareup.picasso:picasso:2.71828] AndroidManifest.xml:9:13-64
53            android:authorities="com.bluedot.bluedot_vale.com.squareup.picasso"
53-->[com.squareup.picasso:picasso:2.71828] AndroidManifest.xml:10:13-72
54            android:exported="false" />
54-->[com.squareup.picasso:picasso:2.71828] AndroidManifest.xml:11:13-37
55        <provider
55-->[android.arch.lifecycle:extensions:1.1.1] AndroidManifest.xml:23:9-27:43
56            android:name="android.arch.lifecycle.ProcessLifecycleOwnerInitializer"
56-->[android.arch.lifecycle:extensions:1.1.1] AndroidManifest.xml:24:13-83
57            android:authorities="com.bluedot.bluedot_vale.lifecycle-trojan"
57-->[android.arch.lifecycle:extensions:1.1.1] AndroidManifest.xml:25:13-68
58            android:exported="false"
58-->[android.arch.lifecycle:extensions:1.1.1] AndroidManifest.xml:26:13-37
59            android:multiprocess="true" />
59-->[android.arch.lifecycle:extensions:1.1.1] AndroidManifest.xml:27:13-40
60    </application>
61
62</manifest>